<?xml version="1.0" encoding="UTF-8"?>
<testsuite xmlns:xsi="http://www.w3.org/2001/XMLSchema-instance" xsi:noNamespaceSchemaLocation="https://maven.apache.org/surefire/maven-surefire-plugin/xsd/surefire-test-report.xsd" name="basicjunit.ParameterizedTests" time="0.138" tests="17" errors="0" skipped="0" failures="0">
  <properties>
    <property name="sun.desktop" value="windows"/>
    <property name="awt.toolkit" value="sun.awt.windows.WToolkit"/>
    <property name="java.specification.version" value="11"/>
    <property name="sun.cpu.isalist" value="amd64"/>
    <property name="sun.jnu.encoding" value="Cp1252"/>
    <property name="java.class.path" value="C:\Users\jeronima.floriano\eclipse-workspace\testes no java\tests-java-e-spring\tests-java-e-spring\target\test-classes;C:\Users\jeronima.floriano\eclipse-workspace\testes no java\tests-java-e-spring\tests-java-e-spring\target\classes;C:\Users\jeronima.floriano\.m2\repository\org\junit\jupiter\junit-jupiter-api\5.9.1\junit-jupiter-api-5.9.1.jar;C:\Users\jeronima.floriano\.m2\repository\org\opentest4j\opentest4j\1.2.0\opentest4j-1.2.0.jar;C:\Users\jeronima.floriano\.m2\repository\org\junit\platform\junit-platform-commons\1.9.1\junit-platform-commons-1.9.1.jar;C:\Users\jeronima.floriano\.m2\repository\org\apiguardian\apiguardian-api\1.1.2\apiguardian-api-1.1.2.jar;C:\Users\jeronima.floriano\.m2\repository\org\junit\jupiter\junit-jupiter-engine\5.9.1\junit-jupiter-engine-5.9.1.jar;C:\Users\jeronima.floriano\.m2\repository\org\junit\platform\junit-platform-engine\1.9.1\junit-platform-engine-1.9.1.jar;C:\Users\jeronima.floriano\.m2\repository\org\junit\jupiter\junit-jupiter-params\5.9.1\junit-jupiter-params-5.9.1.jar;C:\Users\jeronima.floriano\.m2\repository\org\junit\platform\junit-platform-suite-api\1.9.1\junit-platform-suite-api-1.9.1.jar;C:\Users\jeronima.floriano\.m2\repository\org\junit\platform\junit-platform-suite-engine\1.9.1\junit-platform-suite-engine-1.9.1.jar;C:\Users\jeronima.floriano\.m2\repository\org\junit\platform\junit-platform-suite-commons\1.9.1\junit-platform-suite-commons-1.9.1.jar;C:\Users\jeronima.floriano\.m2\repository\javax\validation\validation-api\2.0.1.Final\validation-api-2.0.1.Final.jar;C:\Users\jeronima.floriano\.m2\repository\org\apache\commons\commons-lang3\3.8.1\commons-lang3-3.8.1.jar;C:\Users\jeronima.floriano\.m2\repository\org\junit\platform\junit-platform-launcher\1.9.1\junit-platform-launcher-1.9.1.jar;C:\Users\jeronima.floriano\.m2\repository\org\assertj\assertj-core\3.23.0\assertj-core-3.23.0.jar;C:\Users\jeronima.floriano\.m2\repository\net\bytebuddy\byte-buddy\1.12.10\byte-buddy-1.12.10.jar;"/>
    <property name="java.vm.vendor" value="Oracle Corporation"/>
    <property name="sun.arch.data.model" value="64"/>
    <property name="user.variant" value=""/>
    <property name="java.vendor.url" value="https://openjdk.java.net/"/>
    <property name="user.timezone" value="America/Sao_Paulo"/>
    <property name="java.vm.specification.version" value="11"/>
    <property name="os.name" value="Windows 10"/>
    <property name="sun.java.launcher" value="SUN_STANDARD"/>
    <property name="user.country" value="BR"/>
    <property name="sun.boot.library.path" value="C:\TOTVS\jdk-11.0.15.1\bin"/>
    <property name="sun.java.command" value="C:\Users\JERONI~1.FLO\AppData\Local\Temp\surefire10631583053675164099\surefirebooter8879349869521115779.jar C:\Users\jeronima.floriano\AppData\Local\Temp\surefire10631583053675164099 2022-11-23T09-01-01_869-jvmRun1 surefire709728580715220001tmp surefire_017955509557619490161tmp"/>
    <property name="jdk.debug" value="release"/>
    <property name="surefire.test.class.path" value="C:\Users\jeronima.floriano\eclipse-workspace\testes no java\tests-java-e-spring\tests-java-e-spring\target\test-classes;C:\Users\jeronima.floriano\eclipse-workspace\testes no java\tests-java-e-spring\tests-java-e-spring\target\classes;C:\Users\jeronima.floriano\.m2\repository\org\junit\jupiter\junit-jupiter-api\5.9.1\junit-jupiter-api-5.9.1.jar;C:\Users\jeronima.floriano\.m2\repository\org\opentest4j\opentest4j\1.2.0\opentest4j-1.2.0.jar;C:\Users\jeronima.floriano\.m2\repository\org\junit\platform\junit-platform-commons\1.9.1\junit-platform-commons-1.9.1.jar;C:\Users\jeronima.floriano\.m2\repository\org\apiguardian\apiguardian-api\1.1.2\apiguardian-api-1.1.2.jar;C:\Users\jeronima.floriano\.m2\repository\org\junit\jupiter\junit-jupiter-engine\5.9.1\junit-jupiter-engine-5.9.1.jar;C:\Users\jeronima.floriano\.m2\repository\org\junit\platform\junit-platform-engine\1.9.1\junit-platform-engine-1.9.1.jar;C:\Users\jeronima.floriano\.m2\repository\org\junit\jupiter\junit-jupiter-params\5.9.1\junit-jupiter-params-5.9.1.jar;C:\Users\jeronima.floriano\.m2\repository\org\junit\platform\junit-platform-suite-api\1.9.1\junit-platform-suite-api-1.9.1.jar;C:\Users\jeronima.floriano\.m2\repository\org\junit\platform\junit-platform-suite-engine\1.9.1\junit-platform-suite-engine-1.9.1.jar;C:\Users\jeronima.floriano\.m2\repository\org\junit\platform\junit-platform-suite-commons\1.9.1\junit-platform-suite-commons-1.9.1.jar;C:\Users\jeronima.floriano\.m2\repository\javax\validation\validation-api\2.0.1.Final\validation-api-2.0.1.Final.jar;C:\Users\jeronima.floriano\.m2\repository\org\apache\commons\commons-lang3\3.8.1\commons-lang3-3.8.1.jar;C:\Users\jeronima.floriano\.m2\repository\org\junit\platform\junit-platform-launcher\1.9.1\junit-platform-launcher-1.9.1.jar;C:\Users\jeronima.floriano\.m2\repository\org\assertj\assertj-core\3.23.0\assertj-core-3.23.0.jar;C:\Users\jeronima.floriano\.m2\repository\net\bytebuddy\byte-buddy\1.12.10\byte-buddy-1.12.10.jar;"/>
    <property name="sun.cpu.endian" value="little"/>
    <property name="user.home" value="C:\Users\jeronima.floriano"/>
    <property name="user.language" value="pt"/>
    <property name="java.specification.vendor" value="Oracle Corporation"/>
    <property name="java.version.date" value="2022-04-22"/>
    <property name="java.home" value="C:\TOTVS\jdk-11.0.15.1"/>
    <property name="file.separator" value="\"/>
    <property name="basedir" value="C:\Users\jeronima.floriano\eclipse-workspace\testes no java\tests-java-e-spring\tests-java-e-spring"/>
    <property name="java.vm.compressedOopsMode" value="Zero based"/>
    <property name="line.separator" value="&#10;"/>
    <property name="java.specification.name" value="Java Platform API Specification"/>
    <property name="java.vm.specification.vendor" value="Oracle Corporation"/>
    <property name="java.awt.graphicsenv" value="sun.awt.Win32GraphicsEnvironment"/>
    <property name="surefire.real.class.path" value="C:\Users\JERONI~1.FLO\AppData\Local\Temp\surefire10631583053675164099\surefirebooter8879349869521115779.jar"/>
    <property name="user.script" value=""/>
    <property name="sun.management.compiler" value="HotSpot 64-Bit Tiered Compilers"/>
    <property name="java.runtime.version" value="11.0.15.1+2-LTS-10"/>
    <property name="user.name" value="jeronima.floriano"/>
    <property name="path.separator" value=";"/>
    <property name="os.version" value="10.0"/>
    <property name="java.runtime.name" value="Java(TM) SE Runtime Environment"/>
    <property name="file.encoding" value="Cp1252"/>
    <property name="java.vm.name" value="Java HotSpot(TM) 64-Bit Server VM"/>
    <property name="java.vendor.version" value="18.9"/>
    <property name="localRepository" value="C:\Users\jeronima.floriano\.m2\repository"/>
    <property name="java.vendor.url.bug" value="https://bugreport.java.com/bugreport/"/>
    <property name="java.io.tmpdir" value="C:\Users\JERONI~1.FLO\AppData\Local\Temp\"/>
    <property name="idea.version" value="2022.1.1"/>
    <property name="java.version" value="11.0.15.1"/>
    <property name="user.dir" value="C:\Users\jeronima.floriano\eclipse-workspace\testes no java\tests-java-e-spring\tests-java-e-spring"/>
    <property name="os.arch" value="amd64"/>
    <property name="java.vm.specification.name" value="Java Virtual Machine Specification"/>
    <property name="java.awt.printerjob" value="sun.awt.windows.WPrinterJob"/>
    <property name="sun.os.patch.level" value=""/>
    <property name="java.library.path" value="C:\TOTVS\jdk-11.0.15.1\bin;C:\WINDOWS\Sun\Java\bin;C:\WINDOWS\system32;C:\WINDOWS;C:\Program Files (x86)\Common Files\Oracle\Java\javapath;C:\oracle\product\10.2.0\db_1\bin;C:\app\client\jeronima.floriano\product\12.2.0\client_1;C:\app\client\jeronima.floriano\product\12.2.0\client_1\bin;C:\Program Files (x86)\Embarcadero\Studio\17.0\bin;C:\Users\Public\Documents\Embarcadero\Studio\17.0\Bpl;C:\Program Files (x86)\Embarcadero\Studio\17.0\bin64;C:\Users\Public\Documents\Embarcadero\Studio\17.0\Bpl\Win64;C:\Program Files (x86)\Embarcadero\RAD Studio\7.0\bin;C:\Users\Public\Documents\RAD Studio\7.0\Bpl;C:\Windows\system32;C:\Windows;C:\Windows\System32\Wbem;C:\Windows\System32\WindowsPowerShell\v1.0\;C:\Windows\System32\OpenSSH\;C:\Program Files (x86)\DevExpress VCL\Library\RS14;C:\Program Files (x86)\DevExpress VCL\Library\RS23;C:\Program Files (x86)\DevExpress VCL\Library\RS23\Win64;C:\Users\manutencao\Documents\tmssoftware\TMS Smooth Controls\bpl\;C:\Program Files (x86)\Totvs\PMan;C:\WINDOWS\system32;C:\WINDOWS;C:\WINDOWS\System32\Wbem;C:\WINDOWS\System32\WindowsPowerShell\v1.0\;C:\WINDOWS\System32\OpenSSH\;C:\TOTVS\jdk-11.0.15.1\bin\;C:\apache-maven-3.6.3\bin\;c:\Program Files (x86)\Microsoft SQL Server\90\Tools\binn\;C:\Program Files\TortoiseGit\bin;C:\Program Files\Git\cmd;C:\Program Files\Docker\Docker\resources\bin;C:\ProgramData\DockerDesktop\version-bin;C:\Program Files\Common Files\Oracle\Java\javapath;C:\Program Files\nodejs\;C:\Program Files (x86)\Sennheiser\SenncomSDK\;C:\Program Files\MySQL\MySQL Shell 8.0\bin\;C:\Users\jeronima.floriano\AppData\Local\Microsoft\WindowsApps;C:\Users\jeronima.floriano\AppData\Local\Programs\Microsoft VS Code\bin;C:\Program Files\Azure Data Studio\bin;C:\Program Files (x86)\heroku\bin;C:\Users\jeronima.floriano\AppData\Local\Programs\mongosh\;C:\Users\jeronima.floriano\AppData\Roaming\npm;C:\Program Files\nodejs;C:\Program Files\nodejs\node_modules\npm\bin;;."/>
    <property name="java.vendor" value="Oracle Corporation"/>
    <property name="java.vm.info" value="mixed mode"/>
    <property name="java.vm.version" value="11.0.15.1+2-LTS-10"/>
    <property name="sun.io.unicode.encoding" value="UnicodeLittle"/>
    <property name="java.class.version" value="55.0"/>
  </properties>
  <testcase name="csvSource{String, int, int}[1]" classname="basicjunit.ParameterizedTests" time="0.037"/>
  <testcase name="csvSource{String, int, int}[2]" classname="basicjunit.ParameterizedTests" time="0.001"/>
  <testcase name="csvSource{String, int, int}[3]" classname="basicjunit.ParameterizedTests" time="0.001"/>
  <testcase name="enumTests{OwnerType}[1]" classname="basicjunit.ParameterizedTests" time="0.001"/>
  <testcase name="enumTests{OwnerType}[2]" classname="basicjunit.ParameterizedTests" time="0.001"/>
  <testcase name="csvFileSource{String, int, int}[1]" classname="basicjunit.ParameterizedTests" time="0.002"/>
  <testcase name="csvFileSource{String, int, int}[2]" classname="basicjunit.ParameterizedTests" time="0.001"/>
  <testcase name="csvFileSource{String, int, int}[3]" classname="basicjunit.ParameterizedTests" time="0.001"/>
  <testcase name="parameterizedTest{String}[1]" classname="basicjunit.ParameterizedTests" time="0.001"/>
  <testcase name="parameterizedTest{String}[2]" classname="basicjunit.ParameterizedTests" time="0.001"/>
  <testcase name="parameterizedTest{String}[3]" classname="basicjunit.ParameterizedTests" time="0"/>
  <testcase name="customArgsProvider{String, int, int}[1]" classname="basicjunit.ParameterizedTests" time="0.001"/>
  <testcase name="customArgsProvider{String, int, int}[2]" classname="basicjunit.ParameterizedTests" time="0.001"/>
  <testcase name="customArgsProvider{String, int, int}[3]" classname="basicjunit.ParameterizedTests" time="0.001"/>
  <testcase name="fromMethod{String, int, int}[1]" classname="basicjunit.ParameterizedTests" time="0.001"/>
  <testcase name="fromMethod{String, int, int}[2]" classname="basicjunit.ParameterizedTests" time="0.001"/>
  <testcase name="fromMethod{String, int, int}[3]" classname="basicjunit.ParameterizedTests" time="0.001"/>
</testsuite>